00:00:00.002418 main     VirtualBox XPCOM Server 6.1.14 r140239 linux.amd64 (Sep  7 2020 21:01:30) release log
00:00:00.002420 main     Log opened 2020-09-25T08:07:41.042704000Z
00:00:00.002421 main     Build Type: release
00:00:00.002423 main     OS Product: Linux
00:00:00.002424 main     OS Release: 5.8.10-arch1-1
00:00:00.002426 main     OS Version: #1 SMP PREEMPT Thu, 17 Sep 2020 18:01:06 +0000
00:00:00.002451 main     DMI Product Name: Latitude E7470
00:00:00.002461 main     DMI Product Version: 
00:00:00.002465 main     Firmware type: UEFI
00:00:00.002765 main     Secure Boot: Disabled
00:00:00.002803 main     Host RAM: 15901MB (15.5GB) total, 15595MB (15.2GB) available
00:00:00.002807 main     Executable: /usr/lib/virtualbox/VBoxSVC
00:00:00.002807 main     Process ID: 1336
00:00:00.002808 main     Package type: LINUX_64BITS_GENERIC (OSE)
00:00:00.004674 main     IPC socket path: /tmp/.vbox-jm-ipc/ipcd
00:00:00.116429 nspr-2   VirtualBox: object creation starts
00:00:00.116719 nspr-2   Home directory: '/home/jm/.config/VirtualBox'
00:00:00.117674 nspr-2   Loading settings file "/home/jm/.config/VirtualBox/VirtualBox.xml" with version "1.12-linux"
00:00:00.132777 nspr-2   USB: Unknown USB device detected (idVendor: 0x8087, idProduct: 0x0a2b)
00:00:00.133297 nspr-2   Successfully initialised host USB using sysfs
00:00:00.156704 nspr-2   NetIfAdpCtlOut: VBoxNetAdpCtl: Error while retrieving link speed for wlp1s0: VBoxNetAdpCtl: ioctl failed: Operation not supported
00:00:00.159262 nspr-2   HostDnsMonitor: initializing
00:00:00.160116 nspr-2   NAT: resolv.conf: nameserver 193.136.28.10
00:00:00.160158 nspr-2   NAT: resolv.conf: nameserver 193.136.28.9
00:00:00.160192 nspr-2   HostDnsMonitor: updating information
00:00:00.160236 nspr-2   HostDnsMonitor: old information
00:00:00.160247 nspr-2     no server entries
00:00:00.160258 nspr-2     no domain set
00:00:00.160268 nspr-2     no search string entries
00:00:00.160278 nspr-2   HostDnsMonitor: new information
00:00:00.160288 nspr-2     server 1: 193.136.28.10
00:00:00.160299 nspr-2     server 2: 193.136.28.9
00:00:00.160310 nspr-2     no domain set
00:00:00.160319 nspr-2     no search string entries
00:00:00.172092 nspr-2   VD: VDInit finished with VINF_SUCCESS
00:00:00.173273 nspr-2   ERROR [COM]: aRC=NS_ERROR_FAILURE (0x80004005) aIID={027bc463-929c-40e8-bf16-fea557cd8e7e} aComponent={SystemPropertiesWrap} aText={Cannot determine default Guest Additions ISO location. Most likely they are not available}, preserve=false aResultDetail=0
00:00:00.195617 nspr-2   ERROR [COM]: aRC=NS_ERROR_FAILURE (0x80004005) aIID={85632c68-b5bb-4316-a900-5eb28d3413df} aComponent={MachineWrap} aText={Runtime error opening '/home/jm/apps/virtualbox_vms/ArchVm/ArchVm.vbox' for reading: -102 (File not found.).
00:00:00.195639 nspr-2   /build/virtualbox/src/VirtualBox-6.1.14/src/VBox/Main/src-server/MachineImpl.cpp[754] (nsresult Machine::i_registeredInit())}, preserve=false aResultDetail=0
00:00:00.198428 nspr-2   Loading settings file "/home/jm/VirtualBox VMs/ManjaroVM/ManjaroVM.vbox" with version "1.16-linux"
00:00:00.201052 nspr-2   VirtualBox: object created
00:00:00.902751 nspr-2   ERROR [COM]: aRC=NS_ERROR_FAILURE (0x80004005) aIID={85632c68-b5bb-4316-a900-5eb28d3413df} aComponent={MachineWrap} aText={Runtime error opening '/home/jm/apps/virtualbox_vms/ArchVm/ArchVm.vbox' for reading: -102 (File not found.).
00:00:00.902757 nspr-2   /build/virtualbox/src/VirtualBox-6.1.14/src/VBox/Main/src-server/MachineImpl.cpp[754] (nsresult Machine::i_registeredInit())}, preserve=false aResultDetail=0
00:00:00.903043 nspr-2   ERROR [COM]: aRC=NS_ERROR_FAILURE (0x80004005) aIID={85632c68-b5bb-4316-a900-5eb28d3413df} aComponent={MachineWrap} aText={Runtime error opening '/home/jm/apps/virtualbox_vms/ArchVm/ArchVm.vbox' for reading: -102 (File not found.).
00:00:00.903047 nspr-2   /build/virtualbox/src/VirtualBox-6.1.14/src/VBox/Main/src-server/MachineImpl.cpp[754] (nsresult Machine::i_registeredInit())}, preserve=false aResultDetail=0
00:00:00.903633 nspr-2   ERROR [COM]: aRC=NS_ERROR_FAILURE (0x80004005) aIID={85632c68-b5bb-4316-a900-5eb28d3413df} aComponent={MachineWrap} aText={Runtime error opening '/home/jm/apps/virtualbox_vms/ArchVm/ArchVm.vbox' for reading: -102 (File not found.).
00:00:00.903635 nspr-2   /build/virtualbox/src/VirtualBox-6.1.14/src/VBox/Main/src-server/MachineImpl.cpp[754] (nsresult Machine::i_registeredInit())}, preserve=false aResultDetail=0
00:00:00.923302 nspr-3   ERROR [COM]: aRC=E_ACCESSDENIED (0x80070005) aIID={85632c68-b5bb-4316-a900-5eb28d3413df} aComponent={MachineWrap} aText={The object functionality is limited}, preserve=false aResultDetail=0
00:00:11.432459 nspr-4   Launched VM: 67119712 pid: 1364 (0x554) frontend: GUI/Qt name: ManjaroVM
00:00:12.345880 nspr-5   ERROR [COM]: aRC=VBOX_E_OBJECT_NOT_FOUND (0x80bb0001) aIID={70401eef-c8e9-466b-9660-45cb3e9979e4} aComponent={ExtPackManagerWrap} aText={No extension pack by the name 'Oracle VM VirtualBox Extension Pack' was found}, preserve=false aResultDetail=0
00:00:12.421557 nspr-4   ERROR [COM]: aRC=VBOX_E_IPRT_ERROR (0x80bb0005) aIID={85632c68-b5bb-4316-a900-5eb28d3413df} aComponent={SessionMachine} aText={Saved screenshot data is not available (VERR_NOT_SUPPORTED)}, preserve=false aResultDetail=-37
00:00:12.441334 nspr-6   NetIfAdpCtlOut: VBoxNetAdpCtl: Error while retrieving link speed for wlp1s0: VBoxNetAdpCtl: ioctl failed: Operation not supported
00:00:32.332562 nspr-8   Saving settings file "/home/jm/VirtualBox VMs/ManjaroVM/ManjaroVM.vbox" with version "1.16-linux"
00:00:35.143785 nspr-4   Saving settings file "/home/jm/VirtualBox VMs/ManjaroVM/ManjaroVM.vbox" with version "1.16-linux"
00:02:08.585011 nspr-5   Saving settings file "/home/jm/VirtualBox VMs/ManjaroVM/ManjaroVM.vbox" with version "1.16-linux"
00:02:14.153328 nspr-8   Saving settings file "/home/jm/VirtualBox VMs/ManjaroVM/ManjaroVM.vbox" with version "1.16-linux"
00:02:14.192398 nspr-4   Saving settings file "/home/jm/VirtualBox VMs/ManjaroVM/ManjaroVM.vbox" with version "1.16-linux"
00:02:15.641342 nspr-8   Saving settings file "/home/jm/.config/VirtualBox/VirtualBox.xml" with version "1.12-linux"
00:02:15.658950 nspr-5   Saving settings file "/home/jm/.config/VirtualBox/VirtualBox.xml" with version "1.12-linux"
00:02:15.666585 nspr-2   Saving settings file "/home/jm/.config/VirtualBox/VirtualBox.xml" with version "1.12-linux"
00:02:21.692739 main     VirtualBox: object deletion starts
00:02:21.692960 main     ERROR [COM]: aRC=VBOX_E_OBJECT_IN_USE (0x80bb000c) aIID={ad47ad09-787b-44ab-b343-a082a3f2dfb1} aComponent={MediumWrap} aText={Medium '/home/jm/VirtualBox VMs/ManjaroVM/ManjaroVM.vhd' cannot be closed because it is still attached to 1 virtual machines}, preserve=false aResultDetail=0
00:02:21.695374 main     HostDnsMonitor: shutting down ...
00:02:21.699400 main     HostDnsMonitor: shut down
00:02:22.171681 Watcher  ERROR [COM]: aRC=E_ACCESSDENIED (0x80070005) aIID={d0a0163f-e254-4e5b-a1f2-011cf991c38d} aComponent={VirtualBoxWrap} aText={The object is not ready}, preserve=false aResultDetail=0
00:02:26.706547 main     {00007f14080172f0} HostPowerServiceLinux::~HostPowerServiceLinux: RTThreadWait() for 5000 ms failed with VERR_TIMEOUT
00:02:26.707356 main     VirtualBox: object deleted
